mode: atomic
github.com/architagr/lognugget/config.go:22.13,24.2 1 1
github.com/architagr/lognugget/config.go:44.34,46.2 1 2
github.com/architagr/lognugget/config.go:49.35,51.2 1 0
github.com/architagr/lognugget/config.go:54.48,57.2 2 2
github.com/architagr/lognugget/config.go:60.35,63.2 1 0
github.com/architagr/lognugget/config.go:66.34,67.19 1 2
github.com/architagr/lognugget/config.go:67.19,69.3 1 0
github.com/architagr/lognugget/config.go:70.2,70.31 1 2
github.com/architagr/lognugget/config.go:75.29,76.15 1 0
github.com/architagr/lognugget/config.go:76.15,78.3 1 0
github.com/architagr/lognugget/config.go:79.2,79.32 1 0
github.com/architagr/lognugget/config.go:84.34,85.15 1 0
github.com/architagr/lognugget/config.go:85.15,87.3 1 0
github.com/architagr/lognugget/config.go:88.2,88.27 1 0
github.com/architagr/lognugget/config.go:93.61,95.19 2 2
github.com/architagr/lognugget/config.go:95.19,97.3 1 2
github.com/architagr/lognugget/config.go:97.8,99.3 1 0
github.com/architagr/lognugget/config.go:104.57,107.2 1 2
github.com/architagr/lognugget/config.go:110.56,111.19 1 0
github.com/architagr/lognugget/config.go:111.20,113.3 0 0
github.com/architagr/lognugget/config.go:114.2,114.33 1 0
github.com/architagr/lognugget/config.go:114.33,115.47 1 0
github.com/architagr/lognugget/config.go:115.47,116.12 1 0
github.com/architagr/lognugget/config.go:118.3,118.43 1 0
github.com/architagr/lognugget/config.go:124.26,126.2 1 0
github.com/architagr/lognugget/config.go:129.20,186.2 2 1
github.com/architagr/lognugget/encoder.go:28.87,30.2 1 0
github.com/architagr/lognugget/encoder.go:31.61,33.2 1 0
github.com/architagr/lognugget/encoder.go:34.72,35.21 1 3
github.com/architagr/lognugget/encoder.go:36.19,37.31 1 3
github.com/architagr/lognugget/encoder.go:38.19,39.31 1 0
github.com/architagr/lognugget/encoder.go:40.10,41.40 1 0
github.com/architagr/lognugget/encoder.go:45.31,50.2 1 3
github.com/architagr/lognugget/encoder.go:51.31,54.2 1 0
github.com/architagr/lognugget/encoder.go:60.45,63.16 2 1
github.com/architagr/lognugget/encoder.go:63.16,65.3 1 0
github.com/architagr/lognugget/encoder.go:67.2,67.31 1 1
github.com/architagr/lognugget/encoder.go:72.46,74.2 0 0
github.com/architagr/lognugget/encoder.go:76.52,78.2 1 0
github.com/architagr/lognugget/encoder.go:79.69,81.2 1 0
github.com/architagr/lognugget/encoder.go:82.56,84.2 1 0
github.com/architagr/lognugget/encoder.go:85.88,86.67 1 0
github.com/architagr/lognugget/encoder.go:86.67,87.15 1 0
github.com/architagr/lognugget/encoder.go:87.15,89.4 1 0
github.com/architagr/lognugget/encoder.go:90.3,90.35 1 0
github.com/architagr/lognugget/encoder.go:93.114,94.67 1 0
github.com/architagr/lognugget/encoder.go:94.67,95.15 1 0
github.com/architagr/lognugget/encoder.go:95.15,97.4 1 0
github.com/architagr/lognugget/encoder.go:98.3,98.15 1 0
github.com/architagr/lognugget/encoder.go:101.117,102.67 1 0
github.com/architagr/lognugget/encoder.go:102.67,103.15 1 0
github.com/architagr/lognugget/encoder.go:103.15,105.4 1 0
github.com/architagr/lognugget/encoder.go:106.3,106.15 1 0
github.com/architagr/lognugget/entry.go:33.30,39.2 1 2
github.com/architagr/lognugget/entry.go:41.60,42.22 1 2
github.com/architagr/lognugget/entry.go:42.22,44.3 1 0
github.com/architagr/lognugget/entry.go:45.2,46.10 2 2
github.com/architagr/lognugget/entry.go:48.52,49.16 1 0
github.com/architagr/lognugget/entry.go:49.16,51.3 1 0
github.com/architagr/lognugget/entry.go:52.2,53.10 2 0
github.com/architagr/lognugget/entry.go:56.64,57.19 1 0
github.com/architagr/lognugget/entry.go:57.19,59.3 1 0
github.com/architagr/lognugget/entry.go:60.2,61.10 2 0
github.com/architagr/lognugget/entry.go:63.56,64.46 1 0
github.com/architagr/lognugget/entry.go:64.46,66.3 1 0
github.com/architagr/lognugget/entry.go:67.2,68.10 2 0
github.com/architagr/lognugget/entry.go:71.38,79.2 2 0
github.com/architagr/lognugget/entry.go:80.35,82.2 1 0
github.com/architagr/lognugget/entry.go:83.35,85.2 1 0
github.com/architagr/lognugget/entry.go:86.35,88.2 1 0
github.com/architagr/lognugget/entry.go:89.35,91.2 1 0
github.com/architagr/lognugget/entry.go:92.34,94.2 1 0
github.com/architagr/lognugget/entry.go:95.34,97.2 1 0
github.com/architagr/lognugget/entry.go:98.35,100.2 1 0
github.com/architagr/lognugget/entry.go:101.40,103.2 1 0
github.com/architagr/lognugget/entry.go:104.40,106.2 1 0
github.com/architagr/lognugget/entry.go:107.40,109.2 1 0
github.com/architagr/lognugget/entry.go:111.58,112.14 1 0
github.com/architagr/lognugget/entry.go:112.14,114.3 1 0
github.com/architagr/lognugget/entry.go:115.2,115.27 1 0
github.com/architagr/lognugget/entry.go:115.27,116.19 1 0
github.com/architagr/lognugget/entry.go:116.19,118.4 1 0
github.com/architagr/lognugget/entry.go:120.2,120.13 1 0
github.com/architagr/lognugget/entry.go:122.42,124.2 1 0
github.com/architagr/lognugget/entry.go:125.39,127.2 1 0
github.com/architagr/lognugget/entry.go:128.39,130.2 1 0
github.com/architagr/lognugget/entry.go:131.42,133.2 1 0
github.com/architagr/lognugget/entry.go:134.40,136.2 1 0
github.com/architagr/lognugget/entry.go:137.41,139.2 1 0
github.com/architagr/lognugget/entry.go:140.57,141.14 1 0
github.com/architagr/lognugget/entry.go:141.14,143.3 1 0
github.com/architagr/lognugget/entry.go:144.2,144.96 1 0
github.com/architagr/lognugget/entry.go:144.96,146.3 1 0
github.com/architagr/lognugget/entry.go:147.2,147.13 1 0
github.com/architagr/lognugget/entry.go:149.62,150.14 1 0
github.com/architagr/lognugget/entry.go:150.14,152.3 1 0
github.com/architagr/lognugget/entry.go:153.2,153.31 1 0
github.com/architagr/lognugget/entry.go:153.31,154.23 1 0
github.com/architagr/lognugget/entry.go:154.23,156.4 1 0
github.com/architagr/lognugget/entry.go:158.2,158.14 1 0
github.com/architagr/lognugget/entry.go:160.64,161.14 1 0
github.com/architagr/lognugget/entry.go:161.14,163.3 1 0
github.com/architagr/lognugget/entry.go:164.2,164.31 1 0
github.com/architagr/lognugget/entry.go:164.31,165.51 1 0
github.com/architagr/lognugget/entry.go:165.51,167.4 1 0
github.com/architagr/lognugget/entry.go:169.2,169.14 1 0
github.com/architagr/lognugget/entry.go:171.65,172.14 1 0
github.com/architagr/lognugget/entry.go:172.14,174.3 1 0
github.com/architagr/lognugget/entry.go:175.2,175.31 1 0
github.com/architagr/lognugget/entry.go:175.31,176.52 1 0
github.com/architagr/lognugget/entry.go:176.52,178.4 1 0
github.com/architagr/lognugget/entry.go:180.2,180.13 1 0
github.com/architagr/lognugget/entry.go:182.68,183.14 1 0
github.com/architagr/lognugget/entry.go:183.14,185.3 1 0
github.com/architagr/lognugget/entry.go:186.2,186.31 1 0
github.com/architagr/lognugget/entry.go:186.31,187.51 1 0
github.com/architagr/lognugget/entry.go:187.51,189.4 1 0
github.com/architagr/lognugget/entry.go:191.2,191.13 1 0
github.com/architagr/lognugget/entry.go:193.67,194.14 1 0
github.com/architagr/lognugget/entry.go:194.14,196.3 1 0
github.com/architagr/lognugget/entry.go:197.2,197.31 1 0
github.com/architagr/lognugget/entry.go:197.31,198.51 1 0
github.com/architagr/lognugget/entry.go:198.51,200.4 1 0
github.com/architagr/lognugget/entry.go:202.2,202.14 1 0
github.com/architagr/lognugget/entry.go:204.67,205.14 1 0
github.com/architagr/lognugget/entry.go:205.14,207.3 1 0
github.com/architagr/lognugget/entry.go:208.2,208.31 1 0
github.com/architagr/lognugget/entry.go:208.31,209.52 1 0
github.com/architagr/lognugget/entry.go:209.52,211.4 1 0
github.com/architagr/lognugget/entry.go:213.2,213.13 1 0
github.com/architagr/lognugget/entry.go:216.72,217.14 1 0
github.com/architagr/lognugget/entry.go:217.14,219.3 1 0
github.com/architagr/lognugget/entry.go:220.2,220.31 1 0
github.com/architagr/lognugget/entry.go:220.31,221.51 1 0
github.com/architagr/lognugget/entry.go:221.51,223.4 1 0
github.com/architagr/lognugget/entry.go:225.2,225.13 1 0
github.com/architagr/lognugget/entry.go:227.73,228.14 1 0
github.com/architagr/lognugget/entry.go:228.14,230.3 1 0
github.com/architagr/lognugget/entry.go:231.2,231.31 1 0
github.com/architagr/lognugget/entry.go:231.31,232.51 1 0
github.com/architagr/lognugget/entry.go:232.51,234.4 1 0
github.com/architagr/lognugget/entry.go:236.2,236.13 1 0
github.com/architagr/lognugget/entry.go:238.69,239.14 1 0
github.com/architagr/lognugget/entry.go:239.14,241.3 1 0
github.com/architagr/lognugget/entry.go:242.2,242.31 1 0
github.com/architagr/lognugget/entry.go:242.31,243.51 1 0
github.com/architagr/lognugget/entry.go:243.51,245.4 1 0
github.com/architagr/lognugget/entry.go:247.2,247.14 1 0
github.com/architagr/lognugget/entry.go:249.69,250.14 1 0
github.com/architagr/lognugget/entry.go:250.14,252.3 1 0
github.com/architagr/lognugget/entry.go:253.2,253.31 1 0
github.com/architagr/lognugget/entry.go:253.31,254.52 1 0
github.com/architagr/lognugget/entry.go:254.52,256.4 1 0
github.com/architagr/lognugget/entry.go:258.2,258.13 1 0
github.com/architagr/lognugget/entry.go:260.70,261.14 1 0
github.com/architagr/lognugget/entry.go:261.14,263.3 1 0
github.com/architagr/lognugget/entry.go:264.2,264.31 1 0
github.com/architagr/lognugget/entry.go:264.31,265.51 1 0
github.com/architagr/lognugget/entry.go:265.51,267.4 1 0
github.com/architagr/lognugget/entry.go:269.2,269.13 1 0
github.com/architagr/lognugget/entry.go:271.72,272.14 1 0
github.com/architagr/lognugget/entry.go:272.14,274.3 1 0
github.com/architagr/lognugget/entry.go:275.2,275.31 1 0
github.com/architagr/lognugget/entry.go:275.31,276.51 1 0
github.com/architagr/lognugget/entry.go:276.51,278.4 1 0
github.com/architagr/lognugget/entry.go:280.2,280.13 1 0
github.com/architagr/lognugget/entry.go:283.96,284.36 1 2
github.com/architagr/lognugget/entry.go:284.36,286.3 1 1
github.com/architagr/lognugget/entry.go:287.2,291.33 5 1
github.com/architagr/lognugget/entry.go:294.82,296.2 1 2
github.com/architagr/lognugget/entry.go:298.81,300.2 1 0
github.com/architagr/lognugget/entry.go:301.81,303.2 1 0
github.com/architagr/lognugget/entry.go:304.93,307.2 2 0
github.com/architagr/lognugget/entry.go:309.93,312.2 2 0
github.com/architagr/lognugget/entry.go:313.93,315.14 2 0
github.com/architagr/lognugget/entry.go:318.62,319.32 1 7
github.com/architagr/lognugget/entry.go:319.32,321.3 1 1
github.com/architagr/lognugget/entry.go:323.43,326.22 2 1
github.com/architagr/lognugget/entry.go:326.22,327.65 1 1
github.com/architagr/lognugget/entry.go:327.65,329.4 1 1
github.com/architagr/lognugget/entry.go:331.2,332.31 2 1
github.com/architagr/lognugget/entry.go:332.31,334.3 1 2
github.com/architagr/lognugget/entry.go:336.2,336.36 1 1
github.com/architagr/lognugget/entry.go:336.36,339.3 2 2
github.com/architagr/lognugget/entry.go:341.2,341.56 1 1
github.com/architagr/lognugget/entry.go:341.56,344.3 2 2
github.com/architagr/lognugget/entry.go:346.2,346.21 1 1
github.com/architagr/lognugget/entry.go:346.21,348.3 1 0
github.com/architagr/lognugget/entry.go:349.2,357.18 7 1
github.com/architagr/lognugget/entry.go:357.18,360.3 2 0
github.com/architagr/lognugget/entry.go:362.2,362.21 1 1
github.com/architagr/lognugget/entry.go:362.21,365.3 2 0
github.com/architagr/lognugget/entry.go:366.2,366.13 1 1
github.com/architagr/lognugget/level.go:27.35,28.48 1 2
github.com/architagr/lognugget/level.go:28.48,29.15 1 2
github.com/architagr/lognugget/level.go:29.15,31.4 1 2
github.com/architagr/lognugget/level.go:32.3,32.41 1 0
github.com/architagr/lognugget/level.go:35.2,35.9 1 2
github.com/architagr/lognugget/level.go:36.21,37.36 1 2
github.com/architagr/lognugget/level.go:38.21,39.34 1 0
github.com/architagr/lognugget/level.go:40.22,41.34 1 0
github.com/architagr/lognugget/level.go:42.10,43.36 1 0
github.com/architagr/lognugget/level.go:46.48,47.11 1 0
github.com/architagr/lognugget/level.go:48.18,49.25 1 0
github.com/architagr/lognugget/level.go:50.17,51.24 1 0
github.com/architagr/lognugget/level.go:52.17,53.24 1 0
github.com/architagr/lognugget/level.go:54.18,55.25 1 0
github.com/architagr/lognugget/level.go:56.18,57.25 1 0
github.com/architagr/lognugget/level.go:58.10,59.24 1 0
github.com/architagr/lognugget/logger.go:7.13,9.2 1 1
